{"level":"error","message":"Proxy error ","service":"api-gateway","timestamp":"2025-02-12T15:35:24.048Z"}
{"level":"error","message":"Proxy error ","service":"api-gateway","timestamp":"2025-02-12T15:35:59.764Z"}
{"level":"error","message":"Proxy error ","service":"api-gateway","timestamp":"2025-02-12T15:38:07.003Z"}
{"level":"error","message":"Proxy error err is not defined","service":"api-gateway","timestamp":"2025-02-12T15:44:35.779Z"}
{"level":"error","message":"Proxy error err is not defined","service":"api-gateway","timestamp":"2025-02-12T15:46:23.942Z"}
{"level":"error","message":"Proxy error read ECONNRESET","service":"api-gateway","timestamp":"2025-02-12T16:25:32.274Z"}
{"level":"error","message":"Proxy error read ECONNRESET","service":"api-gateway","timestamp":"2025-02-12T16:27:29.460Z"}
{"level":"error","message":"Proxy error read ECONNRESET","service":"api-gateway","timestamp":"2025-02-12T16:29:05.095Z"}
{"level":"error","message":"Proxy error ","service":"api-gateway","timestamp":"2025-02-12T16:32:20.526Z"}
{"level":"error","message":"Proxy error ","service":"api-gateway","timestamp":"2025-02-12T16:33:03.042Z"}
{"level":"error","message":"Proxy error read ECONNRESET","service":"api-gateway","timestamp":"2025-02-14T00:29:00.028Z"}
{"level":"error","message":"Proxy error read ECONNRESET","service":"api-gateway","timestamp":"2025-02-14T00:30:40.125Z"}
{"level":"error","message":"Proxy error read ECONNRESET","service":"api-gateway","timestamp":"2025-02-14T00:30:40.134Z"}
{"level":"error","message":"Proxy error read ECONNRESET","service":"api-gateway","timestamp":"2025-02-14T00:31:30.493Z"}
{"level":"error","message":"Proxy error read ECONNRESET","service":"api-gateway","timestamp":"2025-02-14T00:35:27.639Z"}
{"level":"error","message":"Proxy error read ECONNRESET","service":"api-gateway","timestamp":"2025-02-14T00:39:36.927Z"}
{"level":"error","message":"Proxy error read ECONNRESET","service":"api-gateway","timestamp":"2025-02-14T00:39:36.936Z"}
{"level":"error","message":"Proxy error read ECONNRESET","service":"api-gateway","timestamp":"2025-02-14T00:39:49.845Z"}
{"level":"error","message":"Proxy error ","service":"api-gateway","timestamp":"2025-02-14T00:40:19.657Z"}
{"level":"error","message":"Proxy error read ECONNRESET","service":"api-gateway","timestamp":"2025-02-14T00:45:43.984Z"}
{"level":"error","message":"Proxy error ","service":"api-gateway","timestamp":"2025-02-14T01:47:00.672Z"}
{"level":"error","message":"Proxy error ","service":"api-gateway","timestamp":"2025-02-14T01:48:36.616Z"}
{"level":"error","message":"Proxy error ","service":"api-gateway","timestamp":"2025-02-16T13:08:28.554Z"}
{"level":"error","message":"Proxy error x is not defined","service":"api-gateway","timestamp":"2025-02-16T13:31:48.479Z"}
{"level":"error","message":"Proxy error x is not defined","service":"api-gateway","timestamp":"2025-02-16T13:33:27.576Z"}
{"level":"error","message":"Proxy error Cannot set properties of undefined (setting 'content-length')","service":"api-gateway","timestamp":"2025-02-16T13:34:59.148Z"}
{"level":"error","message":"Proxy error read ECONNRESET","service":"api-gateway","timestamp":"2025-02-17T13:36:50.018Z"}
{"level":"error","message":"Proxy error read ECONNRESET","service":"api-gateway","timestamp":"2025-02-18T14:41:06.916Z"}
{"level":"error","message":"Proxy error Cannot read properties of undefined (reading 'startsWith')","service":"api-gateway","timestamp":"2025-02-20T15:59:26.533Z"}
{"level":"error","message":"Proxy error Cannot read properties of undefined (reading 'startsWith')","service":"api-gateway","timestamp":"2025-02-20T16:00:43.162Z"}
{"level":"error","message":"Proxy error Cannot read properties of undefined (reading 'startsWith')","service":"api-gateway","timestamp":"2025-02-20T16:02:51.515Z"}
{"level":"error","message":"Proxy error Cannot read properties of undefined (reading 'startsWith')","service":"api-gateway","timestamp":"2025-02-20T16:03:01.686Z"}
{"level":"error","message":"Proxy error write ECONNRESET","service":"api-gateway","timestamp":"2025-02-20T16:03:47.683Z"}
{"level":"error","message":"Proxy error Cannot read properties of undefined (reading 'startsWith')","service":"api-gateway","timestamp":"2025-02-20T16:07:52.579Z"}
{"level":"error","message":"Proxy error Cannot read properties of undefined (reading 'startsWith')","service":"api-gateway","timestamp":"2025-02-20T16:08:49.399Z"}
{"level":"error","message":"Proxy error read ECONNRESET","service":"api-gateway","timestamp":"2025-02-20T16:58:16.407Z"}
{"level":"error","message":"Proxy error ","service":"api-gateway","timestamp":"2025-02-20T17:07:36.172Z"}
{"level":"error","message":"Proxy error ","service":"api-gateway","timestamp":"2025-02-20T17:10:34.224Z"}
{"level":"error","message":"Proxy error read ECONNRESET","service":"api-gateway","timestamp":"2025-02-20T17:14:52.052Z"}
