{"level":"info","message":"conncted to db sucessfully","service":"mdeia-service","timestamp":"2025-02-20T15:43:44.427Z"}
{"level":"info","message":"Listing to port sucessFully","service":"mdeia-service","timestamp":"2025-02-20T15:43:44.442Z"}
{"level":"info","message":"conncted to db sucessfully","service":"mdeia-service","timestamp":"2025-02-20T15:47:23.618Z"}
{"level":"info","message":"Listing to port sucessFully","service":"mdeia-service","timestamp":"2025-02-20T15:47:23.644Z"}
{"errorLabelSet":{},"level":"error","message":"Could not connect to any servers in your MongoDB Atlas cluster. One common reason is that you're trying to access the database from an IP that isn't whitelisted. Make sure your current IP address is on your Atlas cluster's IP whitelist: https://www.mongodb.com/docs/atlas/security-whitelist/","reason":{"commonWireVersion":0,"compatible":true,"heartbeatFrequencyMS":10000,"localThresholdMS":15,"logicalSessionTimeoutMinutes":null,"maxElectionId":null,"maxSetVersion":null,"servers":{"cluster0-shard-00-00.lfj3s.mongodb.net:27017":{"$clusterTime":null,"address":"cluster0-shard-00-00.lfj3s.mongodb.net:27017","arbiters":[],"electionId":null,"error":{"beforeHandshake":false,"errorLabelSet":{}},"hosts":[],"iscryptd":false,"lastUpdateTime":1123880282,"lastWriteDate":0,"logicalSessionTimeoutMinutes":null,"maxBsonObjectSize":null,"maxMessageSizeBytes":null,"maxWireVersion":0,"maxWriteBatchSize":null,"me":null,"minRoundTripTime":0,"minWireVersion":0,"passives":[],"primary":null,"roundTripTime":-1,"setName":null,"setVersion":null,"tags":{},"topologyVersion":null,"type":"Unknown"},"cluster0-shard-00-01.lfj3s.mongodb.net:27017":{"$clusterTime":null,"address":"cluster0-shard-00-01.lfj3s.mongodb.net:27017","arbiters":[],"electionId":null,"error":{"beforeHandshake":false,"errorLabelSet":{}},"hosts":[],"iscryptd":false,"lastUpdateTime":1123880276,"lastWriteDate":0,"logicalSessionTimeoutMinutes":null,"maxBsonObjectSize":null,"maxMessageSizeBytes":null,"maxWireVersion":0,"maxWriteBatchSize":null,"me":null,"minRoundTripTime":0,"minWireVersion":0,"passives":[],"primary":null,"roundTripTime":-1,"setName":null,"setVersion":null,"tags":{},"topologyVersion":null,"type":"Unknown"},"cluster0-shard-00-02.lfj3s.mongodb.net:27017":{"$clusterTime":null,"address":"cluster0-shard-00-02.lfj3s.mongodb.net:27017","arbiters":[],"electionId":null,"error":{"beforeHandshake":false,"errorLabelSet":{}},"hosts":[],"iscryptd":false,"lastUpdateTime":1123880273,"lastWriteDate":0,"logicalSessionTimeoutMinutes":null,"maxBsonObjectSize":null,"maxMessageSizeBytes":null,"maxWireVersion":0,"maxWriteBatchSize":null,"me":null,"minRoundTripTime":0,"minWireVersion":0,"passives":[],"primary":null,"roundTripTime":-1,"setName":null,"setVersion":null,"tags":{},"topologyVersion":null,"type":"Unknown"}},"setName":"atlas-vfilgo-shard-0","stale":false,"type":"ReplicaSetNoPrimary"},"service":"mdeia-service","stack":"MongooseServerSelectionError: Could not connect to any servers in your MongoDB Atlas cluster. One common reason is that you're trying to access the database from an IP that isn't whitelisted. Make sure your current IP address is on your Atlas cluster's IP whitelist: https://www.mongodb.com/docs/atlas/security-whitelist/\n    at _handleConnectionErrors (D:\\Cybersec\\New folder\\AdvanceConcepts\\SocailMediaMicroservercies\\media-service\\node_modules\\mongoose\\lib\\connection.js:1163:11)\n    at NativeConnection.openUri (D:\\Cybersec\\New folder\\AdvanceConcepts\\SocailMediaMicroservercies\\media-service\\node_modules\\mongoose\\lib\\connection.js:1094:11)","timestamp":"2025-02-20T15:47:53.751Z"}
{"level":"info","message":"conncted to db sucessfully","service":"mdeia-service","timestamp":"2025-02-20T15:50:01.320Z"}
{"level":"info","message":"Listing to port sucessFully","service":"mdeia-service","timestamp":"2025-02-20T15:50:01.340Z"}
{"level":"info","message":"Recived GET request to /api/upload","service":"mdeia-service","timestamp":"2025-02-20T15:52:21.181Z"}
{"level":"info","message":"Request body, [object Object]","service":"mdeia-service","timestamp":"2025-02-20T15:52:21.192Z"}
{"level":"info","message":"Recived POST request to /api/upload","service":"mdeia-service","timestamp":"2025-02-20T15:52:37.693Z"}
{"level":"info","message":"Request body, [object Object]","service":"mdeia-service","timestamp":"2025-02-20T15:52:37.694Z"}
{"level":"info","message":"Recived POST request to /api/upload","service":"mdeia-service","timestamp":"2025-02-20T15:53:04.835Z"}
{"level":"info","message":"Request body, [object Object]","service":"mdeia-service","timestamp":"2025-02-20T15:53:04.836Z"}
{"level":"info","message":"Recived POST request to /api/media/upload","service":"mdeia-service","timestamp":"2025-02-20T15:55:00.874Z"}
{"level":"info","message":"Request body, [object Object]","service":"mdeia-service","timestamp":"2025-02-20T15:55:00.875Z"}
{"level":"info","message":"Recived POST request to /api/media/upload","service":"mdeia-service","timestamp":"2025-02-20T15:55:17.775Z"}
{"level":"info","message":"Request body, [object Object]","service":"mdeia-service","timestamp":"2025-02-20T15:55:17.776Z"}
{"level":"info","message":"Recived POST request to /api/media/upload","service":"mdeia-service","timestamp":"2025-02-20T15:55:23.178Z"}
{"level":"info","message":"Request body, [object Object]","service":"mdeia-service","timestamp":"2025-02-20T15:55:23.179Z"}
{"level":"info","message":"Recived POST request to /api/media/upload","service":"mdeia-service","timestamp":"2025-02-20T15:55:57.344Z"}
{"level":"info","message":"Request body, [object Object]","service":"mdeia-service","timestamp":"2025-02-20T15:55:57.348Z"}
{"level":"info","message":"Recived POST request to /api/media/upload","service":"mdeia-service","timestamp":"2025-02-20T16:03:47.646Z"}
{"level":"info","message":"conncted to db sucessfully","service":"mdeia-service","timestamp":"2025-02-20T16:04:32.769Z"}
{"level":"info","message":"Listing to port sucessFully","service":"mdeia-service","timestamp":"2025-02-20T16:04:32.789Z"}
{"level":"info","message":"Recived POST request to /api/media/upload","service":"mdeia-service","timestamp":"2025-02-20T16:04:36.641Z"}
{"level":"info","message":"Request body, [object Object]","service":"mdeia-service","timestamp":"2025-02-20T16:04:36.642Z"}
{"code":"LIMIT_UNEXPECTED_FILE","level":"error","message":"Unexpected field","name":"MulterError","service":"mdeia-service","stack":"MulterError: Unexpected field\n    at wrappedFileFilter (D:\\Cybersec\\New folder\\AdvanceConcepts\\SocailMediaMicroservercies\\media-service\\node_modules\\multer\\index.js:40:19)\n    at Multipart.<anonymous> (D:\\Cybersec\\New folder\\AdvanceConcepts\\SocailMediaMicroservercies\\media-service\\node_modules\\multer\\lib\\make-middleware.js:107:7)\n    at Multipart.emit (node:events:518:28)\n    at HeaderParser.cb (D:\\Cybersec\\New folder\\AdvanceConcepts\\SocailMediaMicroservercies\\media-service\\node_modules\\busboy\\lib\\types\\multipart.js:358:14)\n    at HeaderParser.push (D:\\Cybersec\\New folder\\AdvanceConcepts\\SocailMediaMicroservercies\\media-service\\node_modules\\busboy\\lib\\types\\multipart.js:162:20)\n    at SBMH.ssCb [as _cb] (D:\\Cybersec\\New folder\\AdvanceConcepts\\SocailMediaMicroservercies\\media-service\\node_modules\\busboy\\lib\\types\\multipart.js:394:37)\n    at feed (D:\\Cybersec\\New folder\\AdvanceConcepts\\SocailMediaMicroservercies\\media-service\\node_modules\\streamsearch\\lib\\sbmh.js:248:10)\n    at SBMH.push (D:\\Cybersec\\New folder\\AdvanceConcepts\\SocailMediaMicroservercies\\media-service\\node_modules\\streamsearch\\lib\\sbmh.js:104:16)\n    at Multipart._write (D:\\Cybersec\\New folder\\AdvanceConcepts\\SocailMediaMicroservercies\\media-service\\node_modules\\busboy\\lib\\types\\multipart.js:567:19)\n    at writeOrBuffer (node:internal/streams/writable:564:12)","storageErrors":[],"timestamp":"2025-02-20T16:04:36.650Z"}
{"level":"info","message":"Recived POST request to /api/media/upload","service":"mdeia-service","timestamp":"2025-02-20T16:07:19.588Z"}
{"level":"info","message":"Request body, [object Object]","service":"mdeia-service","timestamp":"2025-02-20T16:07:19.589Z"}
{"level":"info","message":"Upload Media Endpoint hit","service":"mdeia-service","timestamp":"2025-02-20T16:07:19.602Z"}
{"level":"info","message":"file details : originalName=undefined,type=undefined","service":"mdeia-service","timestamp":"2025-02-20T16:07:19.602Z"}
{"level":"info","message":"Uploading to cloudinary started ...","service":"mdeia-service","timestamp":"2025-02-20T16:07:19.604Z"}
{"level":"info","message":"Cloudinary upload successfull.PublicId: kicfzmth1scxti1obufn","service":"mdeia-service","timestamp":"2025-02-20T16:07:22.623Z"}
{"level":"info","message":"Recived POST request to /api/media/upload","service":"mdeia-service","timestamp":"2025-02-20T16:09:52.656Z"}
{"level":"info","message":"Request body, [object Object]","service":"mdeia-service","timestamp":"2025-02-20T16:09:52.657Z"}
{"level":"info","message":"Upload Media Endpoint hit","service":"mdeia-service","timestamp":"2025-02-20T16:09:52.667Z"}
{"level":"info","message":"file details : originalName=undefined,type=undefined","service":"mdeia-service","timestamp":"2025-02-20T16:09:52.668Z"}
{"level":"info","message":"Uploading to cloudinary started ...","service":"mdeia-service","timestamp":"2025-02-20T16:09:52.669Z"}
{"level":"info","message":"Cloudinary upload successfull.PublicId: y4w8ja4ixfmbgmagc2i4","service":"mdeia-service","timestamp":"2025-02-20T16:09:55.624Z"}
{"level":"info","message":"conncted to db sucessfully","service":"mdeia-service","timestamp":"2025-02-20T16:12:26.841Z"}
{"level":"info","message":"Listing to port sucessFully","service":"mdeia-service","timestamp":"2025-02-20T16:12:26.860Z"}
{"level":"info","message":"Recived POST request to /api/media/upload","service":"mdeia-service","timestamp":"2025-02-20T16:12:29.690Z"}
{"level":"info","message":"Request body, [object Object]","service":"mdeia-service","timestamp":"2025-02-20T16:12:29.691Z"}
{"level":"info","message":"Upload Media Endpoint hit","service":"mdeia-service","timestamp":"2025-02-20T16:12:29.710Z"}
{"level":"info","message":"file details : originalName=undefined,type=undefined","service":"mdeia-service","timestamp":"2025-02-20T16:12:29.711Z"}
{"level":"info","message":"Uploading to cloudinary started ...","service":"mdeia-service","timestamp":"2025-02-20T16:12:29.712Z"}
{"level":"info","message":"Cloudinary upload successfull.PublicId: nlfykoo9oe7zku0mzb2v","service":"mdeia-service","timestamp":"2025-02-20T16:12:32.473Z"}
