{"level":"info","message":"conncted to db sucessfully","service":"post-service","timestamp":"2025-02-22T08:04:04.937Z"}
{"level":"info","message":"Connected to RabbitMq","service":"post-service","timestamp":"2025-02-22T08:04:05.168Z"}
{"level":"info","message":"Subscribing to the event","service":"post-service","timestamp":"2025-02-22T08:04:05.169Z"}
{"level":"info","message":"Subscribed to event : post.created","service":"post-service","timestamp":"2025-02-22T08:04:05.186Z"}
{"level":"info","message":"Listing to port sucessFully","service":"post-service","timestamp":"2025-02-22T08:04:05.189Z"}
{"errorLabelSet":{},"level":"error","message":"Could not connect to any servers in your MongoDB Atlas cluster. One common reason is that you're trying to access the database from an IP that isn't whitelisted. Make sure your current IP address is on your Atlas cluster's IP whitelist: https://www.mongodb.com/docs/atlas/security-whitelist/","reason":{"commonWireVersion":0,"compatible":true,"heartbeatFrequencyMS":10000,"localThresholdMS":15,"logicalSessionTimeoutMinutes":null,"maxElectionId":null,"maxSetVersion":null,"servers":{"cluster0-shard-00-00.lfj3s.mongodb.net:27017":{"$clusterTime":null,"address":"cluster0-shard-00-00.lfj3s.mongodb.net:27017","arbiters":[],"electionId":null,"error":{"beforeHandshake":false,"errorLabelSet":{}},"hosts":[],"iscryptd":false,"lastUpdateTime":11924735,"lastWriteDate":0,"logicalSessionTimeoutMinutes":null,"maxBsonObjectSize":null,"maxMessageSizeBytes":null,"maxWireVersion":0,"maxWriteBatchSize":null,"me":null,"minRoundTripTime":0,"minWireVersion":0,"passives":[],"primary":null,"roundTripTime":-1,"setName":null,"setVersion":null,"tags":{},"topologyVersion":null,"type":"Unknown"},"cluster0-shard-00-01.lfj3s.mongodb.net:27017":{"$clusterTime":null,"address":"cluster0-shard-00-01.lfj3s.mongodb.net:27017","arbiters":[],"electionId":null,"error":{"beforeHandshake":false,"errorLabelSet":{}},"hosts":[],"iscryptd":false,"lastUpdateTime":11924774,"lastWriteDate":0,"logicalSessionTimeoutMinutes":null,"maxBsonObjectSize":null,"maxMessageSizeBytes":null,"maxWireVersion":0,"maxWriteBatchSize":null,"me":null,"minRoundTripTime":0,"minWireVersion":0,"passives":[],"primary":null,"roundTripTime":-1,"setName":null,"setVersion":null,"tags":{},"topologyVersion":null,"type":"Unknown"},"cluster0-shard-00-02.lfj3s.mongodb.net:27017":{"$clusterTime":null,"address":"cluster0-shard-00-02.lfj3s.mongodb.net:27017","arbiters":[],"electionId":null,"error":{"beforeHandshake":false,"errorLabelSet":{}},"hosts":[],"iscryptd":false,"lastUpdateTime":11924723,"lastWriteDate":0,"logicalSessionTimeoutMinutes":null,"maxBsonObjectSize":null,"maxMessageSizeBytes":null,"maxWireVersion":0,"maxWriteBatchSize":null,"me":null,"minRoundTripTime":0,"minWireVersion":0,"passives":[],"primary":null,"roundTripTime":-1,"setName":null,"setVersion":null,"tags":{},"topologyVersion":null,"type":"Unknown"}},"setName":"atlas-vfilgo-shard-0","stale":false,"type":"ReplicaSetNoPrimary"},"service":"post-service","stack":"MongooseServerSelectionError: Could not connect to any servers in your MongoDB Atlas cluster. One common reason is that you're trying to access the database from an IP that isn't whitelisted. Make sure your current IP address is on your Atlas cluster's IP whitelist: https://www.mongodb.com/docs/atlas/security-whitelist/\n    at _handleConnectionErrors (D:\\Cybersec\\New folder\\AdvanceConcepts\\SocailMediaMicroservercies\\search-service\\node_modules\\mongoose\\lib\\connection.js:1163:11)\n    at NativeConnection.openUri (D:\\Cybersec\\New folder\\AdvanceConcepts\\SocailMediaMicroservercies\\search-service\\node_modules\\mongoose\\lib\\connection.js:1094:11)","timestamp":"2025-02-22T08:04:35.080Z"}
{"level":"info","message":"conncted to db sucessfully","service":"post-service","timestamp":"2025-02-22T08:06:28.506Z"}
{"level":"info","message":"Connected to RabbitMq","service":"post-service","timestamp":"2025-02-22T08:06:28.568Z"}
{"level":"info","message":"Subscribing to the event","service":"post-service","timestamp":"2025-02-22T08:06:28.569Z"}
{"level":"info","message":"Subscribed to event : post.created","service":"post-service","timestamp":"2025-02-22T08:06:28.579Z"}
{"level":"info","message":"Listing to port sucessFully","service":"post-service","timestamp":"2025-02-22T08:06:28.583Z"}
{"level":"info","message":"conncted to db sucessfully","service":"post-service","timestamp":"2025-02-22T08:24:29.949Z"}
{"level":"info","message":"Connected to RabbitMq","service":"post-service","timestamp":"2025-02-22T08:24:30.018Z"}
{"level":"info","message":"Subscribing to the event","service":"post-service","timestamp":"2025-02-22T08:24:30.018Z"}
{"level":"info","message":"Subscribed to event : post.created","service":"post-service","timestamp":"2025-02-22T08:24:30.027Z"}
{"level":"info","message":"Listing to port sucessFully","service":"post-service","timestamp":"2025-02-22T08:24:30.029Z"}
{"level":"info","message":"conncted to db sucessfully","service":"post-service","timestamp":"2025-02-22T08:27:03.558Z"}
{"level":"info","message":"Subscribing to the event","service":"post-service","timestamp":"2025-02-22T08:27:03.588Z"}
{"level":"info","message":"Connected to RabbitMq","service":"post-service","timestamp":"2025-02-22T08:27:03.865Z"}
{"level":"info","message":"Subscribed to event : post.created","service":"post-service","timestamp":"2025-02-22T08:27:03.899Z"}
{"level":"info","message":"Listing to port sucessFully","service":"post-service","timestamp":"2025-02-22T08:27:03.909Z"}
{"level":"info","message":"conncted to db sucessfully","service":"post-service","timestamp":"2025-02-22T08:29:52.303Z"}
{"level":"info","message":"Subscribing to the event","service":"post-service","timestamp":"2025-02-22T08:29:52.312Z"}
{"level":"info","message":"Connected to RabbitMq","service":"post-service","timestamp":"2025-02-22T08:29:52.365Z"}
{"level":"info","message":"Subscribed to event : post.created","service":"post-service","timestamp":"2025-02-22T08:29:52.438Z"}
{"level":"info","message":"Listing to port sucessFully","service":"post-service","timestamp":"2025-02-22T08:29:52.441Z"}
{"level":"info","message":"conncted to db sucessfully","service":"post-service","timestamp":"2025-02-22T08:30:12.143Z"}
{"level":"info","message":"Subscribing to the event","service":"post-service","timestamp":"2025-02-22T08:30:12.153Z"}
{"level":"info","message":"Connected to RabbitMq","service":"post-service","timestamp":"2025-02-22T08:30:12.247Z"}
{"level":"info","message":"Subscribed to event : post.created","service":"post-service","timestamp":"2025-02-22T08:30:12.257Z"}
{"level":"info","message":"Listing to port sucessFully","service":"post-service","timestamp":"2025-02-22T08:30:12.260Z"}
{"level":"info","message":"conncted to db sucessfully","service":"post-service","timestamp":"2025-02-22T08:32:30.826Z"}
{"level":"info","message":"Subscribing to the event !!","service":"post-service","timestamp":"2025-02-22T08:32:30.841Z"}
{"level":"info","message":"Connected to RabbitMq","service":"post-service","timestamp":"2025-02-22T08:32:31.019Z"}
{"level":"info","message":"Subscribed to event : post.created","service":"post-service","timestamp":"2025-02-22T08:32:31.027Z"}
{"level":"info","message":"Listing to port sucessFully","service":"post-service","timestamp":"2025-02-22T08:32:31.031Z"}
{"errorLabelSet":{},"level":"error","message":"Could not connect to any servers in your MongoDB Atlas cluster. One common reason is that you're trying to access the database from an IP that isn't whitelisted. Make sure your current IP address is on your Atlas cluster's IP whitelist: https://www.mongodb.com/docs/atlas/security-whitelist/","reason":{"commonWireVersion":0,"compatible":true,"heartbeatFrequencyMS":10000,"localThresholdMS":15,"logicalSessionTimeoutMinutes":null,"maxElectionId":null,"maxSetVersion":null,"servers":{"cluster0-shard-00-00.lfj3s.mongodb.net:27017":{"$clusterTime":null,"address":"cluster0-shard-00-00.lfj3s.mongodb.net:27017","arbiters":[],"electionId":null,"error":{"beforeHandshake":false,"errorLabelSet":{}},"hosts":[],"iscryptd":false,"lastUpdateTime":13631079,"lastWriteDate":0,"logicalSessionTimeoutMinutes":null,"maxBsonObjectSize":null,"maxMessageSizeBytes":null,"maxWireVersion":0,"maxWriteBatchSize":null,"me":null,"minRoundTripTime":0,"minWireVersion":0,"passives":[],"primary":null,"roundTripTime":-1,"setName":null,"setVersion":null,"tags":{},"topologyVersion":null,"type":"Unknown"},"cluster0-shard-00-01.lfj3s.mongodb.net:27017":{"$clusterTime":null,"address":"cluster0-shard-00-01.lfj3s.mongodb.net:27017","arbiters":[],"electionId":null,"error":{"beforeHandshake":false,"errorLabelSet":{}},"hosts":[],"iscryptd":false,"lastUpdateTime":13630731,"lastWriteDate":0,"logicalSessionTimeoutMinutes":null,"maxBsonObjectSize":null,"maxMessageSizeBytes":null,"maxWireVersion":0,"maxWriteBatchSize":null,"me":null,"minRoundTripTime":0,"minWireVersion":0,"passives":[],"primary":null,"roundTripTime":-1,"setName":null,"setVersion":null,"tags":{},"topologyVersion":null,"type":"Unknown"},"cluster0-shard-00-02.lfj3s.mongodb.net:27017":{"$clusterTime":null,"address":"cluster0-shard-00-02.lfj3s.mongodb.net:27017","arbiters":[],"electionId":null,"error":{"beforeHandshake":false,"errorLabelSet":{}},"hosts":[],"iscryptd":false,"lastUpdateTime":13630686,"lastWriteDate":0,"logicalSessionTimeoutMinutes":null,"maxBsonObjectSize":null,"maxMessageSizeBytes":null,"maxWireVersion":0,"maxWriteBatchSize":null,"me":null,"minRoundTripTime":0,"minWireVersion":0,"passives":[],"primary":null,"roundTripTime":-1,"setName":null,"setVersion":null,"tags":{},"topologyVersion":null,"type":"Unknown"}},"setName":"atlas-vfilgo-shard-0","stale":false,"type":"ReplicaSetNoPrimary"},"service":"post-service","stack":"MongooseServerSelectionError: Could not connect to any servers in your MongoDB Atlas cluster. One common reason is that you're trying to access the database from an IP that isn't whitelisted. Make sure your current IP address is on your Atlas cluster's IP whitelist: https://www.mongodb.com/docs/atlas/security-whitelist/\n    at _handleConnectionErrors (D:\\Cybersec\\New folder\\AdvanceConcepts\\SocailMediaMicroservercies\\search-service\\node_modules\\mongoose\\lib\\connection.js:1163:11)\n    at NativeConnection.openUri (D:\\Cybersec\\New folder\\AdvanceConcepts\\SocailMediaMicroservercies\\search-service\\node_modules\\mongoose\\lib\\connection.js:1094:11)\n    at runNextTicks (node:internal/process/task_queues:60:5)\n    at listOnTimeout (node:internal/timers:540:9)\n    at process.processTimers (node:internal/timers:514:7)","timestamp":"2025-02-22T08:33:01.022Z"}
{"level":"info","message":"conncted to db sucessfully","service":"post-service","timestamp":"2025-02-22T08:38:19.732Z"}
{"level":"info","message":"Subscribing to the event !!","service":"post-service","timestamp":"2025-02-22T08:38:19.740Z"}
{"level":"info","message":"Connected to RabbitMq","service":"post-service","timestamp":"2025-02-22T08:38:19.848Z"}
{"level":"info","message":"Subscribed to event : post.created","service":"post-service","timestamp":"2025-02-22T08:38:19.857Z"}
{"level":"info","message":"Listing to port sucessFully","service":"post-service","timestamp":"2025-02-22T08:38:19.860Z"}
{"errorLabelSet":{},"level":"error","message":"Could not connect to any servers in your MongoDB Atlas cluster. One common reason is that you're trying to access the database from an IP that isn't whitelisted. Make sure your current IP address is on your Atlas cluster's IP whitelist: https://www.mongodb.com/docs/atlas/security-whitelist/","reason":{"commonWireVersion":0,"compatible":true,"heartbeatFrequencyMS":10000,"localThresholdMS":15,"logicalSessionTimeoutMinutes":null,"maxElectionId":null,"maxSetVersion":null,"servers":{"cluster0-shard-00-00.lfj3s.mongodb.net:27017":{"$clusterTime":null,"address":"cluster0-shard-00-00.lfj3s.mongodb.net:27017","arbiters":[],"electionId":null,"error":{"beforeHandshake":false,"errorLabelSet":{}},"hosts":[],"iscryptd":false,"lastUpdateTime":13979609,"lastWriteDate":0,"logicalSessionTimeoutMinutes":null,"maxBsonObjectSize":null,"maxMessageSizeBytes":null,"maxWireVersion":0,"maxWriteBatchSize":null,"me":null,"minRoundTripTime":0,"minWireVersion":0,"passives":[],"primary":null,"roundTripTime":-1,"setName":null,"setVersion":null,"tags":{},"topologyVersion":null,"type":"Unknown"},"cluster0-shard-00-01.lfj3s.mongodb.net:27017":{"$clusterTime":null,"address":"cluster0-shard-00-01.lfj3s.mongodb.net:27017","arbiters":[],"electionId":null,"error":{"beforeHandshake":false,"errorLabelSet":{}},"hosts":[],"iscryptd":false,"lastUpdateTime":13979561,"lastWriteDate":0,"logicalSessionTimeoutMinutes":null,"maxBsonObjectSize":null,"maxMessageSizeBytes":null,"maxWireVersion":0,"maxWriteBatchSize":null,"me":null,"minRoundTripTime":0,"minWireVersion":0,"passives":[],"primary":null,"roundTripTime":-1,"setName":null,"setVersion":null,"tags":{},"topologyVersion":null,"type":"Unknown"},"cluster0-shard-00-02.lfj3s.mongodb.net:27017":{"$clusterTime":null,"address":"cluster0-shard-00-02.lfj3s.mongodb.net:27017","arbiters":[],"electionId":null,"error":{"beforeHandshake":false,"errorLabelSet":{}},"hosts":[],"iscryptd":false,"lastUpdateTime":13979610,"lastWriteDate":0,"logicalSessionTimeoutMinutes":null,"maxBsonObjectSize":null,"maxMessageSizeBytes":null,"maxWireVersion":0,"maxWriteBatchSize":null,"me":null,"minRoundTripTime":0,"minWireVersion":0,"passives":[],"primary":null,"roundTripTime":-1,"setName":null,"setVersion":null,"tags":{},"topologyVersion":null,"type":"Unknown"}},"setName":"atlas-vfilgo-shard-0","stale":false,"type":"ReplicaSetNoPrimary"},"service":"post-service","stack":"MongooseServerSelectionError: Could not connect to any servers in your MongoDB Atlas cluster. One common reason is that you're trying to access the database from an IP that isn't whitelisted. Make sure your current IP address is on your Atlas cluster's IP whitelist: https://www.mongodb.com/docs/atlas/security-whitelist/\n    at _handleConnectionErrors (D:\\Cybersec\\New folder\\AdvanceConcepts\\SocailMediaMicroservercies\\search-service\\node_modules\\mongoose\\lib\\connection.js:1163:11)\n    at NativeConnection.openUri (D:\\Cybersec\\New folder\\AdvanceConcepts\\SocailMediaMicroservercies\\search-service\\node_modules\\mongoose\\lib\\connection.js:1094:11)","timestamp":"2025-02-22T08:38:49.844Z"}
{"level":"info","message":"conncted to db sucessfully","service":"post-service","timestamp":"2025-02-22T08:41:17.146Z"}
{"level":"info","message":"Subscribing to the event !!","service":"post-service","timestamp":"2025-02-22T08:41:17.158Z"}
{"level":"info","message":"Connected to RabbitMq","service":"post-service","timestamp":"2025-02-22T08:41:17.357Z"}
{"level":"info","message":"Subscribed to event : post.created","service":"post-service","timestamp":"2025-02-22T08:41:17.368Z"}
{"level":"info","message":"Listing to port sucessFully","service":"post-service","timestamp":"2025-02-22T08:41:17.372Z"}
{"level":"info","message":"conncted to db sucessfully","service":"post-service","timestamp":"2025-02-22T08:45:02.808Z"}
{"level":"info","message":"Subscribing to the event !!","service":"post-service","timestamp":"2025-02-22T08:45:02.819Z"}
{"level":"info","message":"Connected to RabbitMq","service":"post-service","timestamp":"2025-02-22T08:45:02.927Z"}
{"level":"info","message":"Subscribed to event : post.created","service":"post-service","timestamp":"2025-02-22T08:45:02.936Z"}
{"level":"info","message":"Listing to port sucessFully","service":"post-service","timestamp":"2025-02-22T08:45:02.940Z"}
{"level":"info","message":"conncted to db sucessfully","service":"post-service","timestamp":"2025-02-22T08:54:26.163Z"}
{"level":"info","message":"Subscribing to the event !!","service":"post-service","timestamp":"2025-02-22T08:54:26.173Z"}
{"level":"info","message":"Connected to RabbitMq","service":"post-service","timestamp":"2025-02-22T08:54:26.226Z"}
{"level":"info","message":"Subscribed to event : post.created","service":"post-service","timestamp":"2025-02-22T08:54:26.287Z"}
{"level":"info","message":"Listing to port sucessFully","service":"post-service","timestamp":"2025-02-22T08:54:26.291Z"}
{"level":"info","message":"conncted to db sucessfully","service":"post-service","timestamp":"2025-02-22T08:55:45.078Z"}
{"level":"info","message":"Subscribing to the event !!","service":"post-service","timestamp":"2025-02-22T08:55:45.085Z"}
{"level":"info","message":"Connected to RabbitMq","service":"post-service","timestamp":"2025-02-22T08:55:45.175Z"}
{"level":"info","message":"Subscribed to event : post.created","service":"post-service","timestamp":"2025-02-22T08:55:45.184Z"}
{"level":"info","message":"Listing to port sucessFully","service":"post-service","timestamp":"2025-02-22T08:55:45.187Z"}
{"level":"info","message":"conncted to db sucessfully","service":"post-service","timestamp":"2025-02-22T08:56:46.880Z"}
{"level":"info","message":"Subscribing to the event !!","service":"post-service","timestamp":"2025-02-22T08:56:46.888Z"}
{"level":"info","message":"Connected to RabbitMq","service":"post-service","timestamp":"2025-02-22T08:56:46.931Z"}
{"level":"info","message":"Subscribed to event : post.created","service":"post-service","timestamp":"2025-02-22T08:56:46.940Z"}
{"level":"info","message":"Listing to port sucessFully","service":"post-service","timestamp":"2025-02-22T08:56:46.944Z"}
{"level":"info","message":"conncted to db sucessfully","service":"post-service","timestamp":"2025-02-22T08:57:20.672Z"}
{"level":"info","message":"Subscribing to the event !!","service":"post-service","timestamp":"2025-02-22T08:57:20.681Z"}
{"level":"info","message":"Connected to RabbitMq","service":"post-service","timestamp":"2025-02-22T08:57:20.811Z"}
{"level":"info","message":"Subscribed to event : post.created","service":"post-service","timestamp":"2025-02-22T08:57:20.821Z"}
{"level":"info","message":"Listing to port sucessFully","service":"post-service","timestamp":"2025-02-22T08:57:20.825Z"}
{"level":"info","message":"conncted to db sucessfully","service":"post-service","timestamp":"2025-02-22T08:57:46.835Z"}
{"level":"info","message":"Subscribing to the event !!","service":"post-service","timestamp":"2025-02-22T08:57:46.843Z"}
{"level":"info","message":"Connected to RabbitMq","service":"post-service","timestamp":"2025-02-22T08:57:46.886Z"}
{"level":"info","message":"Subscribed to event : post.created","service":"post-service","timestamp":"2025-02-22T08:57:46.897Z"}
{"level":"info","message":"Listing to port sucessFully","service":"post-service","timestamp":"2025-02-22T08:57:46.901Z"}
{"level":"info","message":"conncted to db sucessfully","service":"post-service","timestamp":"2025-02-22T08:57:54.960Z"}
{"level":"info","message":"Subscribing to the event !!","service":"post-service","timestamp":"2025-02-22T08:57:54.968Z"}
{"level":"info","message":"Connected to RabbitMq","service":"post-service","timestamp":"2025-02-22T08:57:55.054Z"}
{"level":"info","message":"Subscribed to event : post.created","service":"post-service","timestamp":"2025-02-22T08:57:55.062Z"}
{"level":"info","message":"Listing to port sucessFully","service":"post-service","timestamp":"2025-02-22T08:57:55.066Z"}
{"0":"r","1":"e","2":"a","3":"s","4":"o","5":"n","6":":","level":"error","message":"Unhandled Rejection at","service":"post-service","timestamp":"2025-02-22T09:05:11.197Z"}
{"level":"info","message":"conncted to db sucessfully","service":"post-service","timestamp":"2025-02-22T09:06:18.805Z"}
{"level":"info","message":"Subscribing to the event !!","service":"post-service","timestamp":"2025-02-22T09:06:18.826Z"}
{"level":"info","message":"Connected to RabbitMq","service":"post-service","timestamp":"2025-02-22T09:06:19.089Z"}
{"level":"info","message":"Subscribed to event : post.created","service":"post-service","timestamp":"2025-02-22T09:06:19.114Z"}
{"level":"info","message":"Listing to port sucessFully","service":"post-service","timestamp":"2025-02-22T09:06:19.124Z"}
{"level":"error","message":"Unhandled Rejection at: [object Promise], reason: ReferenceError: logger is not defined\n    at handlePostCreated (D:\\Cybersec\\New folder\\AdvanceConcepts\\SocailMediaMicroservercies\\search-service\\src\\EventHandler\\search-eventhandler.js:5:5)\n    at D:\\Cybersec\\New folder\\AdvanceConcepts\\SocailMediaMicroservercies\\search-service\\src\\utils\\rabbitmq.js:33:9\n    at Channel.dispatchMessage (D:\\Cybersec\\New folder\\AdvanceConcepts\\SocailMediaMicroservercies\\search-service\\node_modules\\amqplib\\lib\\channel.js:485:14)\n    at Channel.handleDelivery (D:\\Cybersec\\New folder\\AdvanceConcepts\\SocailMediaMicroservercies\\search-service\\node_modules\\amqplib\\lib\\channel.js:494:17)\n    at Channel.emit (node:events:518:28)\n    at D:\\Cybersec\\New folder\\AdvanceConcepts\\SocailMediaMicroservercies\\search-service\\node_modules\\amqplib\\lib\\channel.js:391:10\n    at Channel.content (D:\\Cybersec\\New folder\\AdvanceConcepts\\SocailMediaMicroservercies\\search-service\\node_modules\\amqplib\\lib\\channel.js:444:9)\n    at Channel.acceptMessageFrame (D:\\Cybersec\\New folder\\AdvanceConcepts\\SocailMediaMicroservercies\\search-service\\node_modules\\amqplib\\lib\\channel.js:228:33)\n    at Channel.accept (D:\\Cybersec\\New folder\\AdvanceConcepts\\SocailMediaMicroservercies\\search-service\\node_modules\\amqplib\\lib\\channel.js:298:19)\n    at Connection.mainAccept [as accept] (D:\\Cybersec\\New folder\\AdvanceConcepts\\SocailMediaMicroservercies\\search-service\\node_modules\\amqplib\\lib\\connection.js:579:33)","service":"post-service","timestamp":"2025-02-22T09:06:20.580Z"}
{"level":"info","message":"conncted to db sucessfully","service":"post-service","timestamp":"2025-02-22T09:07:13.121Z"}
{"level":"info","message":"Subscribing to the event !!","service":"post-service","timestamp":"2025-02-22T09:07:13.129Z"}
{"level":"info","message":"Connected to RabbitMq","service":"post-service","timestamp":"2025-02-22T09:07:13.216Z"}
{"level":"info","message":"Subscribed to event : post.created","service":"post-service","timestamp":"2025-02-22T09:07:13.224Z"}
{"level":"info","message":"Listing to port sucessFully","service":"post-service","timestamp":"2025-02-22T09:07:13.228Z"}
{"level":"info","message":"conncted to db sucessfully","service":"post-service","timestamp":"2025-02-22T09:07:16.556Z"}
{"level":"info","message":"Subscribing to the event !!","service":"post-service","timestamp":"2025-02-22T09:07:16.563Z"}
{"level":"info","message":"Connected to RabbitMq","service":"post-service","timestamp":"2025-02-22T09:07:16.646Z"}
{"level":"info","message":"Subscribed to event : post.created","service":"post-service","timestamp":"2025-02-22T09:07:16.653Z"}
{"level":"info","message":"Listing to port sucessFully","service":"post-service","timestamp":"2025-02-22T09:07:16.657Z"}
{"level":"info","message":"conncted to db sucessfully","service":"post-service","timestamp":"2025-02-22T09:07:49.967Z"}
{"level":"info","message":"Subscribing to the event !!","service":"post-service","timestamp":"2025-02-22T09:07:49.975Z"}
{"level":"info","message":"Connected to RabbitMq","service":"post-service","timestamp":"2025-02-22T09:07:50.062Z"}
{"level":"info","message":"Subscribed to event : post.created","service":"post-service","timestamp":"2025-02-22T09:07:50.080Z"}
{"level":"info","message":"Listing to port sucessFully","service":"post-service","timestamp":"2025-02-22T09:07:50.082Z"}
{"level":"info","message":"herer handlePost","service":"post-service","timestamp":"2025-02-22T09:07:56.110Z"}
{"level":"info","message":"Search post created: 67b993eccf709807268c7a33, 67b993ec7d218bd9903153d2","service":"post-service","timestamp":"2025-02-22T09:07:56.172Z"}
